<?xml version="1.0" encoding="UTF-8"?>
<!-- Generated by org.testng.reporters.JUnitXMLReporter -->
<testsuite hostname="DESKTOP-897KAHP" ignored="0" name="Test" tests="4" failures="0" timestamp="2020-03-27T01:49:51 CDT" time="0.048" errors="0">
  <testcase name="IOSApp" time="0.008" classname="qaclickacademy.AppiumTest"/>
  <testcase name="NativeApp" time="0.004" classname="qaclickacademy.AppiumTest"/>
  <testcase name="BrowserAutomation" time="0.0" classname="qaclickacademy.SeleniumTest"/>
  <testcase name="UIElements" time="0.0" classname="qaclickacademy.SeleniumTest"/>
</testsuite> <!-- Test -->
